20:37:39.118 [AsyncHttpClient-1-2] TRACE - [id: 0x02e8d314, L:/127.0.0.1:52746 - R:localhost/127.0.0.1:19702] FLUSH
20:37:39.141 [AsyncHttpClient-1-2] TRACE - [id: 0x02e8d314, L:/127.0.0.1:52746 - R:localhost/127.0.0.1:19702] WRITE: 7886B
         +-------------------------------------------------+
         |  0  1  2  3  4  5  6  7  8  9  a  b  c  d  e  f |
+--------+-------------------------------------------------+----------------+
|00000000| 61 74 68 2e 72 6f 75 6e 64 28 74 68 69 73 2e 66 |ath.round(this.f|
|00000010| 29 3b 72 65 74 75 72 6e 20 74 68 69 73 7d 3b 66 |);return this};f|
|00000020| 75 6e 63 74 69 6f 6e 20 58 28 61 2c 62 2c 63 2c |unction X(a,b,c,|
|00000030| 64 29 7b 74 68 69 73 2e 61 3d 61 3b 74 68 69 73 |d){this.a=a;this|
|00000040| 2e 62 3d 62 3b 74 68 69 73 2e 77 69 64 74 68 3d |.b=b;this.width=|
|00000050| 63 3b 74 68 69 73 2e 68 65 69 67 68 74 3d 64 7d |c;this.height=d}|
|00000060| 58 2e 70 72 6f 74 6f 74 79 70 65 2e 63 65 69 6c |X.prototype.ceil|
|00000070| 3d 66 75 6e 63 74 69 6f 6e 28 29 7b 74 68 69 73 |=function(){this|
|00000080| 2e 61 3d 4d 61 74 68 2e 63 65 69 6c 28 74 68 69 |.a=Math.ceil(thi|
|00000090| 73 2e 61 29 3b 74 68 69 73 2e 62 3d 4d 61 74 68 |s.a);this.b=Math|
|000000a0| 2e 63 65 69 6c 28 74 68 69 73 2e 62 29 3b 74 68 |.ceil(this.b);th|
|000000b0| 69 73 2e 77 69 64 74 68 3d 4d 61 74 68 2e 63 65 |is.width=Math.ce|
|000000c0| 69 6c 28 74 68 69 73 2e 77 69 64 74 68 29 3b 74 |il(this.width);t|
|000000d0| 68 69 73 2e 68 65 69 67 68 74 3d 4d 61 74 68 2e |his.height=Math.|
|000000e0| 63 65 69 6c 28 74 68 69 73 2e 68 65 69 67 68 74 |ceil(this.height|
|000000f0| 29 3b 72 65 74 75 72 6e 20 74 68 69 73 7d 3b 58 |);return this};X|
|00000100| 2e 70 72 6f 74 6f 74 79 70 65 2e 66 6c 6f 6f 72 |.prototype.floor|
|00000110| 3d 66 75 6e 63 74 69 6f 6e 28 29 7b 74 68 69 73 |=function(){this|
|00000120| 2e 61 3d 4d 61 74 68 2e 66 6c 6f 6f 72 28 74 68 |.a=Math.floor(th|
|00000130| 69 73 2e 61 29 3b 74 68 69 73 2e 62 3d 4d 61 74 |is.a);this.b=Mat|
|00000140| 68 2e 66 6c 6f 6f 72 28 74 68 69 73 2e 62 29 3b |h.floor(this.b);|
|00000150| 74 68 69 73 2e 77 69 64 74 68 3d 4d 61 74 68 2e |this.width=Math.|
|00000160| 66 6c 6f 6f 72 28 74 68 69 73 2e 77 69 64 74 68 |floor(this.width|
|00000170| 29 3b 74 68 69 73 2e 68 65 69 67 68 74 3d 4d 61 |);this.height=Ma|
|00000180| 74 68 2e 66 6c 6f 6f 72 28 74 68 69 73 2e 68 65 |th.floor(this.he|
|00000190| 69 67 68 74 29 3b 72 65 74 75 72 6e 20 74 68 69 |ight);return thi|
|000001a0| 73 7d 3b 5c 6e 58 2e 70 72 6f 74 6f 74 79 70 65 |s};\nX.prototype|
|000001b0| 2e 72 6f 75 6e 64 3d 66 75 6e 63 74 69 6f 6e 28 |.round=function(|
|000001c0| 29 7b 74 68 69 73 2e 61 3d 4d 61 74 68 2e 72 6f |){this.a=Math.ro|
|000001d0| 75 6e 64 28 74 68 69 73 2e 61 29 3b 74 68 69 73 |und(this.a);this|
|000001e0| 2e 62 3d 4d 61 74 68 2e 72 6f 75 6e 64 28 74 68 |.b=Math.round(th|
|000001f0| 69 73 2e 62 29 3b 74 68 69 73 2e 77 69 64 74 68 |is.b);this.width|
|00000200| 3d 4d 61 74 68 2e 72 6f 75 6e 64 28 74 68 69 73 |=Math.round(this|
|00000210| 2e 77 69 64 74 68 29 3b 74 68 69 73 2e 68 65 69 |.width);this.hei|
|00000220| 67 68 74 3d 4d 61 74 68 2e 72 6f 75 6e 64 28 74 |ght=Math.round(t|
|00000230| 68 69 73 2e 68 65 69 67 68 74 29 3b 72 65 74 75 |his.height);retu|
|00000240| 72 6e 20 74 68 69 73 7d 3b 76 61 72 20 46 63 3d |rn this};var Fc=|
|00000250| 5c 22 66 75 6e 63 74 69 6f 6e 5c 22 3d 3d 3d 74 |\"function\"===t|
|00000260| 79 70 65 6f 66 20 53 68 61 64 6f 77 52 6f 6f 74 |ypeof ShadowRoot|
|00000270| 3b 66 75 6e 63 74 69 6f 6e 20 47 63 28 61 29 7b |;function Gc(a){|
|00000280| 66 6f 72 28 61 3d 61 2e 70 61 72 65 6e 74 4e 6f |for(a=a.parentNo|
|00000290| 64 65 3b 61 5c 75 30 30 32 36 5c 75 30 30 32 36 |de;a\u0026\u0026|
|000002a0| 31 21 3d 61 2e 6e 6f 64 65 54 79 70 65 5c 75 30 |1!=a.nodeType\u0|
|000002b0| 30 32 36 5c 75 30 30 32 36 39 21 3d 61 2e 6e 6f |026\u00269!=a.no|
|000002c0| 64 65 54 79 70 65 5c 75 30 30 32 36 5c 75 30 30 |deType\u0026\u00|
|000002d0| 32 36 31 31 21 3d 61 2e 6e 6f 64 65 54 79 70 65 |2611!=a.nodeType|
|000002e0| 3b 29 61 3d 61 2e 70 61 72 65 6e 74 4e 6f 64 65 |;)a=a.parentNode|
|000002f0| 3b 72 65 74 75 72 6e 20 57 28 61 29 3f 61 3a 6e |;return W(a)?a:n|
|00000300| 75 6c 6c 7d 5c 6e 66 75 6e 63 74 69 6f 6e 20 59 |ull}\nfunction Y|
|00000310| 28 61 2c 62 29 7b 62 3d 78 61 28 62 29 3b 69 66 |(a,b){b=xa(b);if|
|00000320| 28 5c 22 66 6c 6f 61 74 5c 22 3d 3d 62 7c 7c 5c |(\"float\"==b||\|
|00000330| 22 63 73 73 46 6c 6f 61 74 5c 22 3d 3d 62 7c 7c |"cssFloat\"==b|||
|00000340| 5c 22 73 74 79 6c 65 46 6c 6f 61 74 5c 22 3d 3d |\"styleFloat\"==|
|00000350| 62 29 62 3d 41 63 3f 5c 22 73 74 79 6c 65 46 6c |b)b=Ac?\"styleFl|
|00000360| 6f 61 74 5c 22 3a 5c 22 63 73 73 46 6c 6f 61 74 |oat\":\"cssFloat|
|00000370| 5c 22 3b 61 3a 7b 76 61 72 20 63 3d 62 3b 76 61 |\";a:{var c=b;va|
|00000380| 72 20 64 3d 41 28 61 29 3b 69 66 28 64 2e 64 65 |r d=A(a);if(d.de|
|00000390| 66 61 75 6c 74 56 69 65 77 5c 75 30 30 32 36 5c |faultView\u0026\|
|000003a0| 75 30 30 32 36 64 2e 64 65 66 61 75 6c 74 56 69 |u0026d.defaultVi|
|000003b0| 65 77 2e 67 65 74 43 6f 6d 70 75 74 65 64 53 74 |ew.getComputedSt|
|000003c0| 79 6c 65 5c 75 30 30 32 36 5c 75 30 30 32 36 28 |yle\u0026\u0026(|
|000003d0| 64 3d 64 2e 64 65 66 61 75 6c 74 56 69 65 77 2e |d=d.defaultView.|
|000003e0| 67 65 74 43 6f 6d 70 75 74 65 64 53 74 79 6c 65 |getComputedStyle|
|000003f0| 28 61 2c 6e 75 6c 6c 29 29 29 7b 63 3d 64 5b 63 |(a,null))){c=d[c|
|00000400| 5d 7c 7c 64 2e 67 65 74 50 72 6f 70 65 72 74 79 |]||d.getProperty|
|00000410| 56 61 6c 75 65 28 63 29 7c 7c 5c 22 5c 22 3b 62 |Value(c)||\"\";b|
|00000420| 72 65 61 6b 20 61 7d 63 3d 5c 22 5c 22 7d 61 3d |reak a}c=\"\"}a=|
|00000430| 63 7c 7c 48 63 28 61 2c 62 29 3b 69 66 28 6e 75 |c||Hc(a,b);if(nu|
|00000440| 6c 6c 3d 3d 3d 61 29 61 3d 6e 75 6c 6c 3b 65 6c |ll===a)a=null;el|
|00000450| 73 65 20 69 66 28 30 5c 75 30 30 33 63 3d 6a 61 |se if(0\u003c=ja|
|00000460| 28 6d 63 2c 62 29 29 7b 62 3a 7b 76 61 72 20 65 |(mc,b)){b:{var e|
|00000470| 3d 61 2e 6d 61 74 63 68 28 70 63 29 3b 69 66 28 |=a.match(pc);if(|
|00000480| 65 5c 75 30 30 32 36 5c 75 30 30 32 36 28 62 3d |e\u0026\u0026(b=|
|00000490| 4e 75 6d 62 65 72 28 65 5b 31 5d 29 2c 63 3d 4e |Number(e[1]),c=N|
|000004a0| 75 6d 62 65 72 28 65 5b 32 5d 29 2c 64 3d 4e 75 |umber(e[2]),d=Nu|
|000004b0| 6d 62 65 72 28 65 5b 33 5d 29 2c 65 3d 4e 75 6d |mber(e[3]),e=Num|
|000004c0| 62 65 72 28 65 5b 34 5d 29 2c 30 5c 75 30 30 33 |ber(e[4]),0\u003|
|000004d0| 63 3d 62 5c 75 30 30 32 36 5c 75 30 30 32 36 32 |c=b\u0026\u00262|
|000004e0| 35 35 3e 3d 62 5c 75 30 30 32 36 5c 75 30 30 32 |55>=b\u0026\u002|
|000004f0| 36 30 5c 75 30 30 33 63 3d 63 5c 75 30 30 32 36 |60\u003c=c\u0026|
|00000500| 5c 75 30 30 32 36 32 35 35 3e 3d 63 5c 75 30 30 |\u0026255>=c\u00|
|00000510| 32 36 5c 75 30 30 32 36 30 5c 75 30 30 33 63 3d |26\u00260\u003c=|
|00000520| 64 5c 75 30 30 32 36 5c 75 30 30 32 36 32 35 35 |d\u0026\u0026255|
|00000530| 3e 3d 64 5c 75 30 30 32 36 5c 75 30 30 32 36 30 |>=d\u0026\u00260|
|00000540| 5c 75 30 30 33 63 3d 65 5c 75 30 30 32 36 5c 75 |\u003c=e\u0026\u|
|00000550| 30 30 32 36 31 3e 3d 65 29 29 7b 62 3d 5b 62 2c |00261>=e)){b=[b,|
|00000560| 63 2c 64 2c 65 5d 3b 62 72 65 61 6b 20 62 7d 62 |c,d,e];break b}b|
|00000570| 3d 6e 75 6c 6c 7d 69 66 28 21 62 29 62 3a 7b 69 |=null}if(!b)b:{i|
|00000580| 66 28 64 3d 61 2e 6d 61 74 63 68 28 71 63 29 29 |f(d=a.match(qc))|
|00000590| 69 66 28 62 3d 5c 6e 4e 75 6d 62 65 72 28 64 5b |if(b=\nNumber(d[|
|000005a0| 31 5d 29 2c 63 3d 4e 75 6d 62 65 72 28 64 5b 32 |1]),c=Number(d[2|
|000005b0| 5d 29 2c 64 3d 4e 75 6d 62 65 72 28 64 5b 33 5d |]),d=Number(d[3]|
|000005c0| 29 2c 30 5c 75 30 30 33 63 3d 62 5c 75 30 30 32 |),0\u003c=b\u002|
|000005d0| 36 5c 75 30 30 32 36 32 35 35 3e 3d 62 5c 75 30 |6\u0026255>=b\u0|
|000005e0| 30 32 36 5c 75 30 30 32 36 30 5c 75 30 30 33 63 |026\u00260\u003c|
|000005f0| 3d 63 5c 75 30 30 32 36 5c 75 30 30 32 36 32 35 |=c\u0026\u002625|
|00000600| 35 3e 3d 63 5c 75 30 30 32 36 5c 75 30 30 32 36 |5>=c\u0026\u0026|
|00000610| 30 5c 75 30 30 33 63 3d 64 5c 75 30 30 32 36 5c |0\u003c=d\u0026\|
|00000620| 75 30 30 32 36 32 35 35 3e 3d 64 29 7b 62 3d 5b |u0026255>=d){b=[|
|00000630| 62 2c 63 2c 64 2c 31 5d 3b 62 72 65 61 6b 20 62 |b,c,d,1];break b|
|00000640| 7d 62 3d 6e 75 6c 6c 7d 69 66 28 21 62 29 62 3a |}b=null}if(!b)b:|
|00000650| 7b 62 3d 61 2e 74 6f 4c 6f 77 65 72 43 61 73 65 |{b=a.toLowerCase|
|00000660| 28 29 3b 63 3d 6c 63 5b 62 2e 74 6f 4c 6f 77 65 |();c=lc[b.toLowe|
|00000670| 72 43 61 73 65 28 29 5d 3b 69 66 28 21 63 5c 75 |rCase()];if(!c\u|
|00000680| 30 30 32 36 5c 75 30 30 32 36 28 63 3d 5c 22 23 |0026\u0026(c=\"#|
|00000690| 5c 22 3d 3d 62 2e 63 68 61 72 41 74 28 30 29 3f |\"==b.charAt(0)?|
|000006a0| 62 3a 5c 22 23 5c 22 2b 62 2c 34 3d 3d 63 2e 6c |b:\"#\"+b,4==c.l|
|000006b0| 65 6e 67 74 68 5c 75 30 30 32 36 5c 75 30 30 32 |ength\u0026\u002|
|000006c0| 36 28 63 3d 63 2e 72 65 70 6c 61 63 65 28 6e 63 |6(c=c.replace(nc|
|000006d0| 2c 5c 22 23 24 31 24 31 24 32 24 32 24 33 24 33 |,\"#$1$1$2$2$3$3|
|000006e0| 5c 22 29 29 2c 21 6f 63 2e 74 65 73 74 28 63 29 |\")),!oc.test(c)|
|000006f0| 29 29 7b 62 3d 6e 75 6c 6c 3b 62 72 65 61 6b 20 |)){b=null;break |
|00000700| 62 7d 62 3d 5b 70 61 72 73 65 49 6e 74 28 63 2e |b}b=[parseInt(c.|
|00000710| 73 75 62 73 74 72 28 31 2c 32 29 2c 31 36 29 2c |substr(1,2),16),|
|00000720| 70 61 72 73 65 49 6e 74 28 63 2e 73 75 62 73 74 |parseInt(c.subst|
|00000730| 72 28 33 2c 32 29 2c 31 36 29 2c 70 61 72 73 65 |r(3,2),16),parse|
|00000740| 49 6e 74 28 63 2e 73 75 62 73 74 72 28 35 2c 32 |Int(c.substr(5,2|
|00000750| 29 2c 31 36 29 2c 31 5d 7d 61 3d 62 3f 5c 22 72 |),16),1]}a=b?\"r|
|00000760| 67 62 61 28 5c 22 2b 62 2e 6a 6f 69 6e 28 5c 22 |gba(\"+b.join(\"|
|00000770| 2c 20 5c 22 29 2b 5c 22 29 5c 22 3a 61 7d 72 65 |, \")+\")\":a}re|
|00000780| 74 75 72 6e 20 61 7d 5c 6e 66 75 6e 63 74 69 6f |turn a}\nfunctio|
|00000790| 6e 20 48 63 28 61 2c 62 29 7b 76 61 72 20 63 3d |n Hc(a,b){var c=|
|000007a0| 61 2e 63 75 72 72 65 6e 74 53 74 79 6c 65 7c 7c |a.currentStyle|||
|000007b0| 61 2e 73 74 79 6c 65 2c 64 3d 63 5b 62 5d 3b 76 |a.style,d=c[b];v|
|000007c0| 6f 69 64 20 30 3d 3d 3d 64 5c 75 30 30 32 36 5c |oid 0===d\u0026\|
|000007d0| 75 30 30 32 36 5c 22 66 75 6e 63 74 69 6f 6e 5c |u0026\"function\|
|000007e0| 22 3d 3d 63 61 28 63 2e 67 65 74 50 72 6f 70 65 |"==ca(c.getPrope|
|000007f0| 72 74 79 56 61 6c 75 65 29 5c 75 30 30 32 36 5c |rtyValue)\u0026\|
|00000800| 75 30 30 32 36 28 64 3d 63 2e 67 65 74 50 72 6f |u0026(d=c.getPro|
|00000810| 70 65 72 74 79 56 61 6c 75 65 28 62 29 29 3b 72 |pertyValue(b));r|
|00000820| 65 74 75 72 6e 5c 22 69 6e 68 65 72 69 74 5c 22 |eturn\"inherit\"|
|00000830| 21 3d 64 3f 76 6f 69 64 20 30 21 3d 3d 64 3f 64 |!=d?void 0!==d?d|
|00000840| 3a 6e 75 6c 6c 3a 28 61 3d 47 63 28 61 29 29 3f |:null:(a=Gc(a))?|
|00000850| 48 63 28 61 2c 62 29 3a 6e 75 6c 6c 7d 5c 6e 66 |Hc(a,b):null}\nf|
|00000860| 75 6e 63 74 69 6f 6e 20 49 63 28 61 2c 62 2c 63 |unction Ic(a,b,c|
|00000870| 29 7b 66 75 6e 63 74 69 6f 6e 20 64 28 67 29 7b |){function d(g){|
|00000880| 76 61 72 20 68 3d 4a 63 28 67 29 3b 72 65 74 75 |var h=Jc(g);retu|
|00000890| 72 6e 20 30 5c 75 30 30 33 63 68 2e 68 65 69 67 |rn 0\u003ch.heig|
|000008a0| 68 74 5c 75 30 30 32 36 5c 75 30 30 32 36 30 5c |ht\u0026\u00260\|
|000008b0| 75 30 30 33 63 68 2e 77 69 64 74 68 3f 21 30 3a |u003ch.width?!0:|
|000008c0| 57 28 67 2c 5c 22 50 41 54 48 5c 22 29 5c 75 30 |W(g,\"PATH\")\u0|
|000008d0| 30 32 36 5c 75 30 30 32 36 28 30 5c 75 30 30 33 |026\u0026(0\u003|
|000008e0| 63 68 2e 68 65 69 67 68 74 7c 7c 30 5c 75 30 30 |ch.height||0\u00|
|000008f0| 33 63 68 2e 77 69 64 74 68 29 3f 28 67 3d 59 28 |3ch.width)?(g=Y(|
|00000900| 67 2c 5c 22 73 74 72 6f 6b 65 2d 77 69 64 74 68 |g,\"stroke-width|
|00000910| 5c 22 29 2c 21 21 67 5c 75 30 30 32 36 5c 75 30 |\"),!!g\u0026\u0|
|00000920| 30 32 36 30 5c 75 30 30 33 63 70 61 72 73 65 49 |0260\u003cparseI|
|00000930| 6e 74 28 67 2c 31 30 29 29 3a 5c 22 68 69 64 64 |nt(g,10)):\"hidd|
|00000940| 65 6e 5c 22 21 3d 59 28 67 2c 5c 22 6f 76 65 72 |en\"!=Y(g,\"over|
|00000950| 66 6c 6f 77 5c 22 29 5c 75 30 30 32 36 5c 75 30 |flow\")\u0026\u0|
|00000960| 30 32 36 6d 61 28 67 2e 63 68 69 6c 64 4e 6f 64 |026ma(g.childNod|
|00000970| 65 73 2c 66 75 6e 63 74 69 6f 6e 28 6d 29 7b 72 |es,function(m){r|
|00000980| 65 74 75 72 6e 20 33 3d 3d 6d 2e 6e 6f 64 65 54 |eturn 3==m.nodeT|
|00000990| 79 70 65 7c 7c 57 28 6d 29 5c 75 30 30 32 36 5c |ype||W(m)\u0026\|
|000009a0| 75 30 30 32 36 64 28 6d 29 7d 29 7d 66 75 6e 63 |u0026d(m)})}func|
|000009b0| 74 69 6f 6e 20 65 28 67 29 7b 72 65 74 75 72 6e |tion e(g){return|
|000009c0| 20 4b 63 28 67 29 3d 3d 5a 5c 75 30 30 32 36 5c | Kc(g)==Z\u0026\|
|000009d0| 75 30 30 32 36 6e 61 28 67 2e 63 68 69 6c 64 4e |u0026na(g.childN|
|000009e0| 6f 64 65 73 2c 66 75 6e 63 74 69 6f 6e 28 68 29 |odes,function(h)|
|000009f0| 7b 72 65 74 75 72 6e 21 57 28 68 29 7c 7c 65 28 |{return!W(h)||e(|
|00000a00| 68 29 7c 7c 21 64 28 68 29 7d 29 7d 69 66 28 21 |h)||!d(h)})}if(!|
|00000a10| 57 28 61 29 29 74 68 72 6f 77 20 45 72 72 6f 72 |W(a))throw Error|
|00000a20| 28 5c 22 41 72 67 75 6d 65 6e 74 20 74 6f 20 69 |(\"Argument to i|
|00000a30| 73 53 68 6f 77 6e 20 6d 75 73 74 20 62 65 20 6f |sShown must be o|
|00000a40| 66 20 74 79 70 65 20 45 6c 65 6d 65 6e 74 5c 22 |f type Element\"|
|00000a50| 29 3b 69 66 28 57 28 61 2c 5c 22 42 4f 44 59 5c |);if(W(a,\"BODY\|
|00000a60| 22 29 29 72 65 74 75 72 6e 21 30 3b 69 66 28 57 |"))return!0;if(W|
|00000a70| 28 61 2c 5c 22 4f 50 54 49 4f 4e 5c 22 29 7c 7c |(a,\"OPTION\")|||
|00000a80| 57 28 61 2c 5c 22 4f 50 54 47 52 4f 55 50 5c 22 |W(a,\"OPTGROUP\"|
|00000a90| 29 29 72 65 74 75 72 6e 20 61 3d 24 61 28 61 2c |))return a=$a(a,|
|00000aa0| 66 75 6e 63 74 69 6f 6e 28 67 29 7b 72 65 74 75 |function(g){retu|
|00000ab0| 72 6e 20 57 28 67 2c 5c 22 53 45 4c 45 43 54 5c |rn W(g,\"SELECT\|
|00000ac0| 22 29 7d 29 2c 5c 6e 21 21 61 5c 75 30 30 32 36 |")}),\n!!a\u0026|
|00000ad0| 5c 75 30 30 32 36 49 63 28 61 2c 21 30 2c 63 29 |\u0026Ic(a,!0,c)|
|00000ae0| 3b 76 61 72 20 66 3d 4c 63 28 61 29 3b 69 66 28 |;var f=Lc(a);if(|
|00000af0| 66 29 72 65 74 75 72 6e 21 21 66 2e 69 6d 61 67 |f)return!!f.imag|
|00000b00| 65 5c 75 30 30 32 36 5c 75 30 30 32 36 30 5c 75 |e\u0026\u00260\u|
|00000b10| 30 30 33 63 66 2e 72 65 63 74 2e 77 69 64 74 68 |003cf.rect.width|
|00000b20| 5c 75 30 30 32 36 5c 75 30 30 32 36 30 5c 75 30 |\u0026\u00260\u0|
|00000b30| 30 33 63 66 2e 72 65 63 74 2e 68 65 69 67 68 74 |03cf.rect.height|
|00000b40| 5c 75 30 30 32 36 5c 75 30 30 32 36 49 63 28 66 |\u0026\u0026Ic(f|
|00000b50| 2e 69 6d 61 67 65 2c 62 2c 63 29 3b 69 66 28 57 |.image,b,c);if(W|
|00000b60| 28 61 2c 5c 22 49 4e 50 55 54 5c 22 29 5c 75 30 |(a,\"INPUT\")\u0|
|00000b70| 30 32 36 5c 75 30 30 32 36 5c 22 68 69 64 64 65 |026\u0026\"hidde|
|00000b80| 6e 5c 22 3d 3d 61 2e 74 79 70 65 2e 74 6f 4c 6f |n\"==a.type.toLo|
|00000b90| 77 65 72 43 61 73 65 28 29 7c 7c 57 28 61 2c 5c |werCase()||W(a,\|
|00000ba0| 22 4e 4f 53 43 52 49 50 54 5c 22 29 29 72 65 74 |"NOSCRIPT\"))ret|
|00000bb0| 75 72 6e 21 31 3b 66 3d 59 28 61 2c 5c 22 76 69 |urn!1;f=Y(a,\"vi|
|00000bc0| 73 69 62 69 6c 69 74 79 5c 22 29 3b 72 65 74 75 |sibility\");retu|
|00000bd0| 72 6e 5c 22 63 6f 6c 6c 61 70 73 65 5c 22 21 3d |rn\"collapse\"!=|
|00000be0| 66 5c 75 30 30 32 36 5c 75 30 30 32 36 5c 22 68 |f\u0026\u0026\"h|
|00000bf0| 69 64 64 65 6e 5c 22 21 3d 66 5c 75 30 30 32 36 |idden\"!=f\u0026|
|00000c00| 5c 75 30 30 32 36 63 28 61 29 5c 75 30 30 32 36 |\u0026c(a)\u0026|
|00000c10| 5c 75 30 30 32 36 28 62 7c 7c 30 21 3d 4d 63 28 |\u0026(b||0!=Mc(|
|00000c20| 61 29 29 5c 75 30 30 32 36 5c 75 30 30 32 36 64 |a))\u0026\u0026d|
|00000c30| 28 61 29 3f 21 65 28 61 29 3a 21 31 7d 76 61 72 |(a)?!e(a):!1}var|
|00000c40| 20 5a 3d 5c 22 68 69 64 64 65 6e 5c 22 3b 5c 6e | Z=\"hidden\";\n|
|00000c50| 66 75 6e 63 74 69 6f 6e 20 4b 63 28 61 29 7b 66 |function Kc(a){f|
|00000c60| 75 6e 63 74 69 6f 6e 20 62 28 70 29 7b 66 75 6e |unction b(p){fun|
|00000c70| 63 74 69 6f 6e 20 71 28 66 62 29 7b 69 66 28 66 |ction q(fb){if(f|
|00000c80| 62 3d 3d 67 29 72 65 74 75 72 6e 21 30 3b 76 61 |b==g)return!0;va|
|00000c90| 72 20 57 62 3d 59 28 66 62 2c 5c 22 64 69 73 70 |r Wb=Y(fb,\"disp|
|00000ca0| 6c 61 79 5c 22 29 3b 72 65 74 75 72 6e 20 30 3d |lay\");return 0=|
|00000cb0| 3d 57 62 2e 6c 61 73 74 49 6e 64 65 78 4f 66 28 |=Wb.lastIndexOf(|
|00000cc0| 5c 22 69 6e 6c 69 6e 65 5c 22 2c 30 29 7c 7c 5c |\"inline\",0)||\|
|00000cd0| 22 63 6f 6e 74 65 6e 74 73 5c 22 3d 3d 57 62 7c |"contents\"==Wb||
|00000ce0| 7c 5c 22 61 62 73 6f 6c 75 74 65 5c 22 3d 3d 58 ||\"absolute\"==X|
|00000cf0| 62 5c 75 30 30 32 36 5c 75 30 30 32 36 5c 22 73 |b\u0026\u0026\"s|
|00000d00| 74 61 74 69 63 5c 22 3d 3d 59 28 66 62 2c 5c 22 |tatic\"==Y(fb,\"|
|00000d10| 70 6f 73 69 74 69 6f 6e 5c 22 29 3f 21 31 3a 21 |position\")?!1:!|
|00000d20| 30 7d 76 61 72 20 58 62 3d 59 28 70 2c 5c 22 70 |0}var Xb=Y(p,\"p|
|00000d30| 6f 73 69 74 69 6f 6e 5c 22 29 3b 69 66 28 5c 22 |osition\");if(\"|
|00000d40| 66 69 78 65 64 5c 22 3d 3d 58 62 29 72 65 74 75 |fixed\"==Xb)retu|
|00000d50| 72 6e 20 77 3d 21 30 2c 70 3d 3d 67 3f 6e 75 6c |rn w=!0,p==g?nul|
|00000d60| 6c 3a 67 3b 66 6f 72 28 70 3d 47 63 28 70 29 3b |l:g;for(p=Gc(p);|
|00000d70| 70 5c 75 30 30 32 36 5c 75 30 30 32 36 21 71 28 |p\u0026\u0026!q(|
|00000d80| 70 29 3b 29 70 3d 47 63 28 70 29 3b 72 65 74 75 |p);)p=Gc(p);retu|
|00000d90| 72 6e 20 70 7d 66 75 6e 63 74 69 6f 6e 20 63 28 |rn p}function c(|
|00000da0| 70 29 7b 76 61 72 20 71 3d 70 3b 69 66 28 5c 22 |p){var q=p;if(\"|
|00000db0| 76 69 73 69 62 6c 65 5c 22 3d 3d 6d 29 69 66 28 |visible\"==m)if(|
|00000dc0| 70 3d 3d 67 5c 75 30 30 32 36 5c 75 30 30 32 36 |p==g\u0026\u0026|
|00000dd0| 68 29 71 3d 68 3b 65 6c 73 65 20 69 66 28 70 3d |h)q=h;else if(p=|
|00000de0| 3d 68 29 72 65 74 75 72 6e 7b 78 3a 5c 22 76 69 |=h)return{x:\"vi|
|00000df0| 73 69 62 6c 65 5c 22 2c 79 3a 5c 22 76 69 73 69 |sible\",y:\"visi|
|00000e00| 62 6c 65 5c 22 7d 3b 71 3d 7b 78 3a 59 28 71 2c |ble\"};q={x:Y(q,|
|00000e10| 5c 22 6f 76 65 72 66 6c 6f 77 2d 78 5c 22 29 2c |\"overflow-x\"),|
|00000e20| 79 3a 59 28 71 2c 5c 22 6f 76 65 72 66 6c 6f 77 |y:Y(q,\"overflow|
|00000e30| 2d 79 5c 22 29 7d 3b 70 3d 3d 67 5c 75 30 30 32 |-y\")};p==g\u002|
|00000e40| 36 5c 75 30 30 32 36 28 71 2e 78 3d 5c 22 76 69 |6\u0026(q.x=\"vi|
|00000e50| 73 69 62 6c 65 5c 22 3d 3d 71 2e 78 3f 5c 22 61 |sible\"==q.x?\"a|
|00000e60| 75 74 6f 5c 22 3a 71 2e 78 2c 71 2e 79 3d 5c 22 |uto\":q.x,q.y=\"|
|00000e70| 76 69 73 69 62 6c 65 5c 22 3d 3d 71 2e 79 3f 5c |visible\"==q.y?\|
|00000e80| 22 61 75 74 6f 5c 22 3a 71 2e 79 29 3b 72 65 74 |"auto\":q.y);ret|
|00000e90| 75 72 6e 20 71 7d 5c 6e 66 75 6e 63 74 69 6f 6e |urn q}\nfunction|
|00000ea0| 20 64 28 70 29 7b 69 66 28 70 3d 3d 67 29 7b 76 | d(p){if(p==g){v|
|00000eb0| 61 72 20 71 3d 28 6e 65 77 20 61 62 28 66 29 29 |ar q=(new ab(f))|
|00000ec0| 2e 61 3b 70 3d 71 2e 73 63 72 6f 6c 6c 69 6e 67 |.a;p=q.scrolling|
|00000ed0| 45 6c 65 6d 65 6e 74 3f 71 2e 73 63 72 6f 6c 6c |Element?q.scroll|
|00000ee0| 69 6e 67 45 6c 65 6d 65 6e 74 3a 45 61 7c 7c 5c |ingElement:Ea||\|
|00000ef0| 22 43 53 53 31 43 6f 6d 70 61 74 5c 22 21 3d 71 |"CSS1Compat\"!=q|
|00000f00| 2e 63 6f 6d 70 61 74 4d 6f 64 65 3f 71 2e 62 6f |.compatMode?q.bo|
|00000f10| 64 79 7c 7c 71 2e 64 6f 63 75 6d 65 6e 74 45 6c |dy||q.documentEl|
|00000f20| 65 6d 65 6e 74 3a 71 2e 64 6f 63 75 6d 65 6e 74 |ement:q.document|
|00000f30| 45 6c 65 6d 65 6e 74 3b 71 3d 71 2e 70 61 72 65 |Element;q=q.pare|
|00000f40| 6e 74 57 69 6e 64 6f 77 7c 7c 71 2e 64 65 66 61 |ntWindow||q.defa|
|00000f50| 75 6c 74 56 69 65 77 3b 70 3d 76 5c 75 30 30 32 |ultView;p=v\u002|
|00000f60| 36 5c 75 30 30 32 36 4b 61 28 5c 22 31 30 5c 22 |6\u0026Ka(\"10\"|
|00000f70| 29 5c 75 30 30 32 36 5c 75 30 30 32 36 71 2e 70 |)\u0026\u0026q.p|
|00000f80| 61 67 65 59 4f 66 66 73 65 74 21 3d 70 2e 73 63 |ageYOffset!=p.sc|
|00000f90| 72 6f 6c 6c 54 6f 70 3f 6e 65 77 20 55 61 28 70 |rollTop?new Ua(p|
|00000fa0| 2e 73 63 72 6f 6c 6c 4c 65 66 74 2c 70 2e 73 63 |.scrollLeft,p.sc|
|00000fb0| 72 6f 6c 6c 54 6f 70 29 3a 6e 65 77 20 55 61 28 |rollTop):new Ua(|
|00000fc0| 71 2e 70 61 67 65 58 4f 66 66 73 65 74 7c 7c 70 |q.pageXOffset||p|
|00000fd0| 2e 73 63 72 6f 6c 6c 4c 65 66 74 2c 71 2e 70 61 |.scrollLeft,q.pa|
|00000fe0| 67 65 59 4f 66 66 73 65 74 7c 7c 70 2e 73 63 72 |geYOffset||p.scr|
|00000ff0| 6f 6c 6c 54 6f 70 29 7d 65 6c 73 65 20 70 3d 6e |ollTop)}else p=n|
|00001000| 65 77 20 55 61 28 70 2e 73 63 72 6f 6c 6c 4c 65 |ew Ua(p.scrollLe|
|00001010| 66 74 2c 70 2e 73 63 72 6f 6c 6c 54 6f 70 29 3b |ft,p.scrollTop);|
|00001020| 72 65 74 75 72 6e 20 70 7d 76 61 72 20 65 3d 4e |return p}var e=N|
|00001030| 63 28 61 29 2c 66 3d 41 28 61 29 2c 67 3d 66 2e |c(a),f=A(a),g=f.|
|00001040| 64 6f 63 75 6d 65 6e 74 45 6c 65 6d 65 6e 74 2c |documentElement,|
|00001050| 68 3d 66 2e 62 6f 64 79 2c 6d 3d 59 28 67 2c 5c |h=f.body,m=Y(g,\|
|00001060| 22 6f 76 65 72 66 6c 6f 77 5c 22 29 2c 77 3b 66 |"overflow\"),w;f|
|00001070| 6f 72 28 61 3d 62 28 61 29 3b 61 3b 61 3d 62 28 |or(a=b(a);a;a=b(|
|00001080| 61 29 29 7b 76 61 72 20 72 3d 63 28 61 29 3b 69 |a)){var r=c(a);i|
|00001090| 66 28 5c 22 76 69 73 69 62 6c 65 5c 22 21 3d 72 |f(\"visible\"!=r|
|000010a0| 2e 78 7c 7c 5c 22 76 69 73 69 62 6c 65 5c 22 21 |.x||\"visible\"!|
|000010b0| 3d 5c 6e 72 2e 79 29 7b 76 61 72 20 44 3d 4a 63 |=\nr.y){var D=Jc|
|000010c0| 28 61 29 3b 69 66 28 30 3d 3d 44 2e 77 69 64 74 |(a);if(0==D.widt|
|000010d0| 68 7c 7c 30 3d 3d 44 2e 68 65 69 67 68 74 29 72 |h||0==D.height)r|
|000010e0| 65 74 75 72 6e 20 5a 3b 76 61 72 20 4c 3d 65 2e |eturn Z;var L=e.|
|000010f0| 61 5c 75 30 30 33 63 44 2e 61 2c 4d 3d 65 2e 62 |a\u003cD.a,M=e.b|
|00001100| 5c 75 30 30 33 63 44 2e 62 3b 69 66 28 4c 5c 75 |\u003cD.b;if(L\u|
|00001110| 30 30 32 36 5c 75 30 30 32 36 5c 22 68 69 64 64 |0026\u0026\"hidd|
|00001120| 65 6e 5c 22 3d 3d 72 2e 78 7c 7c 4d 5c 75 30 30 |en\"==r.x||M\u00|
|00001130| 32 36 5c 75 30 30 32 36 5c 22 68 69 64 64 65 6e |26\u0026\"hidden|
|00001140| 5c 22 3d 3d 72 2e 79 29 72 65 74 75 72 6e 20 5a |\"==r.y)return Z|
|00001150| 3b 69 66 28 4c 5c 75 30 30 32 36 5c 75 30 30 32 |;if(L\u0026\u002|
|00001160| 36 5c 22 76 69 73 69 62 6c 65 5c 22 21 3d 72 2e |6\"visible\"!=r.|
|00001170| 78 7c 7c 4d 5c 75 30 30 32 36 5c 75 30 30 32 36 |x||M\u0026\u0026|
|00001180| 5c 22 76 69 73 69 62 6c 65 5c 22 21 3d 72 2e 79 |\"visible\"!=r.y|
|00001190| 29 7b 4c 3d 64 28 61 29 3b 4d 3d 65 2e 62 5c 75 |){L=d(a);M=e.b\u|
|000011a0| 30 30 33 63 44 2e 62 2d 4c 2e 79 3b 69 66 28 65 |003cD.b-L.y;if(e|
|000011b0| 2e 61 5c 75 30 30 33 63 44 2e 61 2d 4c 2e 78 5c |.a\u003cD.a-L.x\|
|000011c0| 75 30 30 32 36 5c 75 30 30 32 36 5c 22 76 69 73 |u0026\u0026\"vis|
|000011d0| 69 62 6c 65 5c 22 21 3d 72 2e 78 7c 7c 4d 5c 75 |ible\"!=r.x||M\u|
|000011e0| 30 30 32 36 5c 75 30 30 32 36 5c 22 76 69 73 69 |0026\u0026\"visi|
|000011f0| 62 6c 65 5c 22 21 3d 72 2e 78 29 72 65 74 75 72 |ble\"!=r.x)retur|
|00001200| 6e 20 5a 3b 65 3d 4b 63 28 61 29 3b 72 65 74 75 |n Z;e=Kc(a);retu|
|00001210| 72 6e 20 65 3d 3d 5a 3f 5a 3a 5c 22 73 63 72 6f |rn e==Z?Z:\"scro|
|00001220| 6c 6c 5c 22 7d 4c 3d 65 2e 66 3e 3d 44 2e 61 2b |ll\"}L=e.f>=D.a+|
|00001230| 44 2e 77 69 64 74 68 3b 44 3d 65 2e 63 3e 3d 44 |D.width;D=e.c>=D|
|00001240| 2e 62 2b 44 2e 68 65 69 67 68 74 3b 69 66 28 4c |.b+D.height;if(L|
|00001250| 5c 75 30 30 32 36 5c 75 30 30 32 36 5c 22 68 69 |\u0026\u0026\"hi|
|00001260| 64 64 65 6e 5c 22 3d 3d 72 2e 78 7c 7c 44 5c 75 |dden\"==r.x||D\u|
|00001270| 30 30 32 36 5c 75 30 30 32 36 5c 22 68 69 64 64 |0026\u0026\"hidd|
|00001280| 65 6e 5c 22 3d 3d 72 2e 79 29 72 65 74 75 72 6e |en\"==r.y)return|
|00001290| 20 5a 3b 69 66 28 4c 5c 75 30 30 32 36 5c 75 30 | Z;if(L\u0026\u0|
|000012a0| 30 32 36 5c 22 76 69 73 69 62 6c 65 5c 22 21 3d |026\"visible\"!=|
|000012b0| 72 2e 78 7c 7c 44 5c 75 30 30 32 36 5c 75 30 30 |r.x||D\u0026\u00|
|000012c0| 32 36 5c 22 76 69 73 69 62 6c 65 5c 22 21 3d 72 |26\"visible\"!=r|
|000012d0| 2e 79 29 7b 69 66 28 77 5c 75 30 30 32 36 5c 75 |.y){if(w\u0026\u|
|000012e0| 30 30 32 36 28 72 3d 64 28 61 29 2c 65 2e 66 3e |0026(r=d(a),e.f>|
|000012f0| 3d 67 2e 73 63 72 6f 6c 6c 57 69 64 74 68 2d 72 |=g.scrollWidth-r|
|00001300| 2e 78 7c 7c 65 2e 61 3e 3d 67 2e 73 63 72 6f 6c |.x||e.a>=g.scrol|
|00001310| 6c 48 65 69 67 68 74 2d 72 2e 79 29 29 72 65 74 |lHeight-r.y))ret|
|00001320| 75 72 6e 20 5a 3b 65 3d 4b 63 28 61 29 3b 72 65 |urn Z;e=Kc(a);re|
|00001330| 74 75 72 6e 20 65 3d 3d 5a 3f 5a 3a 5c 22 73 63 |turn e==Z?Z:\"sc|
|00001340| 72 6f 6c 6c 5c 22 7d 7d 7d 72 65 74 75 72 6e 5c |roll\"}}}return\|
|00001350| 22 6e 6f 6e 65 5c 22 7d 5c 6e 66 75 6e 63 74 69 |"none\"}\nfuncti|
|00001360| 6f 6e 20 4a 63 28 61 29 7b 76 61 72 20 62 3d 4c |on Jc(a){var b=L|
|00001370| 63 28 61 29 3b 69 66 28 62 29 72 65 74 75 72 6e |c(a);if(b)return|
|00001380| 20 62 2e 72 65 63 74 3b 69 66 28 57 28 61 2c 5c | b.rect;if(W(a,\|
|00001390| 22 48 54 4d 4c 5c 22 29 29 72 65 74 75 72 6e 20 |"HTML\"))return |
|000013a0| 61 3d 41 28 61 29 2c 61 3d 28 28 61 3f 61 2e 70 |a=A(a),a=((a?a.p|
|000013b0| 61 72 65 6e 74 57 69 6e 64 6f 77 7c 7c 61 2e 64 |arentWindow||a.d|
|000013c0| 65 66 61 75 6c 74 56 69 65 77 3a 77 69 6e 64 6f |efaultView:windo|
|000013d0| 77 29 7c 7c 77 69 6e 64 6f 77 29 2e 64 6f 63 75 |w)||window).docu|
|000013e0| 6d 65 6e 74 2c 61 3d 5c 22 43 53 53 31 43 6f 6d |ment,a=\"CSS1Com|
|000013f0| 70 61 74 5c 22 3d 3d 61 2e 63 6f 6d 70 61 74 4d |pat\"==a.compatM|
|00001400| 6f 64 65 3f 61 2e 64 6f 63 75 6d 65 6e 74 45 6c |ode?a.documentEl|
|00001410| 65 6d 65 6e 74 3a 61 2e 62 6f 64 79 2c 61 3d 6e |ement:a.body,a=n|
|00001420| 65 77 20 56 61 28 61 2e 63 6c 69 65 6e 74 57 69 |ew Va(a.clientWi|
|00001430| 64 74 68 2c 61 2e 63 6c 69 65 6e 74 48 65 69 67 |dth,a.clientHeig|
|00001440| 68 74 29 2c 6e 65 77 20 58 28 30 2c 30 2c 61 2e |ht),new X(0,0,a.|
|00001450| 77 69 64 74 68 2c 61 2e 68 65 69 67 68 74 29 3b |width,a.height);|
|00001460| 74 72 79 7b 76 61 72 20 63 3d 61 2e 67 65 74 42 |try{var c=a.getB|
|00001470| 6f 75 6e 64 69 6e 67 43 6c 69 65 6e 74 52 65 63 |oundingClientRec|
|00001480| 74 28 29 7d 63 61 74 63 68 28 64 29 7b 72 65 74 |t()}catch(d){ret|
|00001490| 75 72 6e 20 6e 65 77 20 58 28 30 2c 30 2c 30 2c |urn new X(0,0,0,|
|000014a0| 30 29 7d 62 3d 6e 65 77 20 58 28 63 2e 6c 65 66 |0)}b=new X(c.lef|
|000014b0| 74 2c 63 2e 74 6f 70 2c 63 2e 72 69 67 68 74 2d |t,c.top,c.right-|
|000014c0| 63 2e 6c 65 66 74 2c 63 2e 62 6f 74 74 6f 6d 2d |c.left,c.bottom-|
|000014d0| 63 2e 74 6f 70 29 3b 76 5c 75 30 30 32 36 5c 75 |c.top);v\u0026\u|
|000014e0| 30 30 32 36 61 2e 6f 77 6e 65 72 44 6f 63 75 6d |0026a.ownerDocum|
|000014f0| 65 6e 74 2e 62 6f 64 79 5c 75 30 30 32 36 5c 75 |ent.body\u0026\u|
|00001500| 30 30 32 36 28 61 3d 41 28 61 29 2c 62 2e 61 2d |0026(a=A(a),b.a-|
|00001510| 3d 61 2e 64 6f 63 75 6d 65 6e 74 45 6c 65 6d 65 |=a.documentEleme|
|00001520| 6e 74 2e 63 6c 69 65 6e 74 4c 65 66 74 2b 61 2e |nt.clientLeft+a.|
|00001530| 62 6f 64 79 2e 63 6c 69 65 6e 74 4c 65 66 74 2c |body.clientLeft,|
|00001540| 62 2e 62 2d 3d 61 2e 64 6f 63 75 6d 65 6e 74 45 |b.b-=a.documentE|
|00001550| 6c 65 6d 65 6e 74 2e 63 6c 69 65 6e 74 54 6f 70 |lement.clientTop|
|00001560| 2b 61 2e 62 6f 64 79 2e 63 6c 69 65 6e 74 54 6f |+a.body.clientTo|
|00001570| 70 29 3b 5c 6e 72 65 74 75 72 6e 20 62 7d 66 75 |p);\nreturn b}fu|
|00001580| 6e 63 74 69 6f 6e 20 4c 63 28 61 29 7b 76 61 72 |nction Lc(a){var|
|00001590| 20 62 3d 57 28 61 2c 5c 22 4d 41 50 5c 22 29 3b | b=W(a,\"MAP\");|
|000015a0| 69 66 28 21 62 5c 75 30 30 32 36 5c 75 30 30 32 |if(!b\u0026\u002|
|000015b0| 36 21 57 28 61 2c 5c 22 41 52 45 41 5c 22 29 29 |6!W(a,\"AREA\"))|
|000015c0| 72 65 74 75 72 6e 20 6e 75 6c 6c 3b 76 61 72 20 |return null;var |
|000015d0| 63 3d 62 3f 61 3a 57 28 61 2e 70 61 72 65 6e 74 |c=b?a:W(a.parent|
|000015e0| 4e 6f 64 65 2c 5c 22 4d 41 50 5c 22 29 3f 61 2e |Node,\"MAP\")?a.|
|000015f0| 70 61 72 65 6e 74 4e 6f 64 65 3a 6e 75 6c 6c 2c |parentNode:null,|
|00001600| 64 3d 6e 75 6c 6c 2c 65 3d 6e 75 6c 6c 3b 63 5c |d=null,e=null;c\|
|00001610| 75 30 30 32 36 5c 75 30 30 32 36 63 2e 6e 61 6d |u0026\u0026c.nam|
|00001620| 65 5c 75 30 30 32 36 5c 75 30 30 32 36 28 64 3d |e\u0026\u0026(d=|
|00001630| 44 63 28 27 5c 75 30 30 32 66 64 65 73 63 65 6e |Dc('\u002fdescen|
|00001640| 64 61 6e 74 3a 3a 2a 5b 40 75 73 65 6d 61 70 20 |dant::*[@usemap |
|00001650| 3d 20 5c 22 23 27 2b 63 2e 6e 61 6d 65 2b 27 5c |= \"#'+c.name+'\|
|00001660| 22 5d 27 2c 41 28 63 29 29 29 5c 75 30 30 32 36 |"]',A(c)))\u0026|
|00001670| 5c 75 30 30 32 36 28 65 3d 4a 63 28 64 29 2c 62 |\u0026(e=Jc(d),b|
|00001680| 7c 7c 5c 22 64 65 66 61 75 6c 74 5c 22 3d 3d 61 |||\"default\"==a|
|00001690| 2e 73 68 61 70 65 2e 74 6f 4c 6f 77 65 72 43 61 |.shape.toLowerCa|
|000016a0| 73 65 28 29 7c 7c 28 61 3d 4f 63 28 61 29 2c 62 |se()||(a=Oc(a),b|
|000016b0| 3d 4d 61 74 68 2e 6d 69 6e 28 4d 61 74 68 2e 6d |=Math.min(Math.m|
|000016c0| 61 78 28 61 2e 61 2c 30 29 2c 65 2e 77 69 64 74 |ax(a.a,0),e.widt|
|000016d0| 68 29 2c 63 3d 4d 61 74 68 2e 6d 69 6e 28 4d 61 |h),c=Math.min(Ma|
|000016e0| 74 68 2e 6d 61 78 28 61 2e 62 2c 30 29 2c 65 2e |th.max(a.b,0),e.|
|000016f0| 68 65 69 67 68 74 29 2c 65 3d 6e 65 77 20 58 28 |height),e=new X(|
|00001700| 62 2b 65 2e 61 2c 63 2b 65 2e 62 2c 4d 61 74 68 |b+e.a,c+e.b,Math|
|00001710| 2e 6d 69 6e 28 61 2e 77 69 64 74 68 2c 65 2e 77 |.min(a.width,e.w|
|00001720| 69 64 74 68 2d 62 29 2c 4d 61 74 68 2e 6d 69 6e |idth-b),Math.min|
|00001730| 28 61 2e 68 65 69 67 68 74 2c 65 2e 68 65 69 67 |(a.height,e.heig|
|00001740| 68 74 2d 63 29 29 29 29 3b 72 65 74 75 72 6e 7b |ht-c))));return{|
|00001750| 69 6d 61 67 65 3a 64 2c 72 65 63 74 3a 65 7c 7c |image:d,rect:e|||
|00001760| 6e 65 77 20 58 28 30 2c 30 2c 30 2c 30 29 7d 7d |new X(0,0,0,0)}}|
|00001770| 5c 6e 66 75 6e 63 74 69 6f 6e 20 4f 63 28 61 29 |\nfunction Oc(a)|
|00001780| 7b 76 61 72 20 62 3d 61 2e 73 68 61 70 65 2e 74 |{var b=a.shape.t|
|00001790| 6f 4c 6f 77 65 72 43 61 73 65 28 29 3b 61 3d 61 |oLowerCase();a=a|
|000017a0| 2e 63 6f 6f 72 64 73 2e 73 70 6c 69 74 28 5c 22 |.coords.split(\"|
|000017b0| 2c 5c 22 29 3b 69 66 28 5c 22 72 65 63 74 5c 22 |,\");if(\"rect\"|
|000017c0| 3d 3d 62 5c 75 30 30 32 36 5c 75 30 30 32 36 34 |==b\u0026\u00264|
|000017d0| 3d 3d 61 2e 6c 65 6e 67 74 68 29 7b 62 3d 61 5b |==a.length){b=a[|
|000017e0| 30 5d 3b 76 61 72 20 63 3d 61 5b 31 5d 3b 72 65 |0];var c=a[1];re|
|000017f0| 74 75 72 6e 20 6e 65 77 20 58 28 62 2c 63 2c 61 |turn new X(b,c,a|
|00001800| 5b 32 5d 2d 62 2c 61 5b 33 5d 2d 63 29 7d 69 66 |[2]-b,a[3]-c)}if|
|00001810| 28 5c 22 63 69 72 63 6c 65 5c 22 3d 3d 62 5c 75 |(\"circle\"==b\u|
|00001820| 30 30 32 36 5c 75 30 30 32 36 33 3d 3d 61 2e 6c |0026\u00263==a.l|
|00001830| 65 6e 67 74 68 29 72 65 74 75 72 6e 20 62 3d 61 |ength)return b=a|
|00001840| 5b 32 5d 2c 6e 65 77 20 58 28 61 5b 30 5d 2d 62 |[2],new X(a[0]-b|
|00001850| 2c 61 5b 31 5d 2d 62 2c 32 2a 62 2c 32 2a 62 29 |,a[1]-b,2*b,2*b)|
|00001860| 3b 69 66 28 5c 22 70 6f 6c 79 5c 22 3d 3d 62 5c |;if(\"poly\"==b\|
|00001870| 75 30 30 32 36 5c 75 30 30 32 36 32 5c 75 30 30 |u0026\u00262\u00|
|00001880| 33 63 61 2e 6c 65 6e 67 74 68 29 7b 62 3d 61 5b |3ca.length){b=a[|
|00001890| 30 5d 3b 63 3d 61 5b 31 5d 3b 66 6f 72 28 76 61 |0];c=a[1];for(va|
|000018a0| 72 20 64 3d 62 2c 65 3d 63 2c 66 3d 32 3b 66 2b |r d=b,e=c,f=2;f+|
|000018b0| 31 5c 75 30 30 33 63 61 2e 6c 65 6e 67 74 68 3b |1\u003ca.length;|
|000018c0| 66 2b 3d 32 29 62 3d 4d 61 74 68 2e 6d 69 6e 28 |f+=2)b=Math.min(|
|000018d0| 62 2c 61 5b 66 5d 29 2c 64 3d 4d 61 74 68 2e 6d |b,a[f]),d=Math.m|
|000018e0| 61 78 28 64 2c 61 5b 66 5d 29 2c 63 3d 4d 61 74 |ax(d,a[f]),c=Mat|
|000018f0| 68 2e 6d 69 6e 28 63 2c 61 5b 66 2b 31 5d 29 2c |h.min(c,a[f+1]),|
|00001900| 65 3d 4d 61 74 68 2e 6d 61 78 28 65 2c 61 5b 66 |e=Math.max(e,a[f|
|00001910| 2b 31 5d 29 3b 72 65 74 75 72 6e 20 6e 65 77 20 |+1]);return new |
|00001920| 58 28 62 2c 63 2c 64 2d 62 2c 65 2d 63 29 7d 72 |X(b,c,d-b,e-c)}r|
|00001930| 65 74 75 72 6e 20 6e 65 77 20 58 28 30 2c 30 2c |eturn new X(0,0,|
|00001940| 30 2c 30 29 7d 66 75 6e 63 74 69 6f 6e 20 4e 63 |0,0)}function Nc|
|00001950| 28 61 29 7b 61 3d 4a 63 28 61 29 3b 72 65 74 75 |(a){a=Jc(a);retu|
|00001960| 72 6e 20 6e 65 77 20 45 63 28 61 2e 62 2c 61 2e |rn new Ec(a.b,a.|
|00001970| 61 2b 61 2e 77 69 64 74 68 2c 61 2e 62 2b 61 2e |a+a.width,a.b+a.|
|00001980| 68 65 69 67 68 74 2c 61 2e 61 29 7d 5c 6e 66 75 |height,a.a)}\nfu|
|00001990| 6e 63 74 69 6f 6e 20 4d 63 28 61 29 7b 69 66 28 |nction Mc(a){if(|
|000019a0| 41 63 29 7b 69 66 28 5c 22 72 65 6c 61 74 69 76 |Ac){if(\"relativ|
|000019b0| 65 5c 22 3d 3d 59 28 61 2c 5c 22 70 6f 73 69 74 |e\"==Y(a,\"posit|
|000019c0| 69 6f 6e 5c 22 29 29 72 65 74 75 72 6e 20 31 3b |ion\"))return 1;|
|000019d0| 61 3d 59 28 61 2c 5c 22 66 69 6c 74 65 72 5c 22 |a=Y(a,\"filter\"|
|000019e0| 29 3b 72 65 74 75 72 6e 28 61 3d 61 2e 6d 61 74 |);return(a=a.mat|
|000019f0| 63 68 28 5c 75 30 30 32 66 5e 61 6c 70 68 61 5c |ch(\u002f^alpha\|
|00001a00| 5c 28 6f 70 61 63 69 74 79 3d 28 5c 5c 64 2a 29 |\(opacity=(\\d*)|
|00001a10| 5c 5c 29 5c 75 30 30 32 66 29 7c 7c 61 2e 6d 61 |\\)\u002f)||a.ma|
|00001a20| 74 63 68 28 5c 75 30 30 32 66 5e 70 72 6f 67 69 |tch(\u002f^progi|
|00001a30| 64 3a 44 58 49 6d 61 67 65 54 72 61 6e 73 66 6f |d:DXImageTransfo|
|00001a40| 72 6d 2e 4d 69 63 72 6f 73 6f 66 74 2e 41 6c 70 |rm.Microsoft.Alp|
|00001a50| 68 61 5c 5c 28 4f 70 61 63 69 74 79 3d 28 5c 5c |ha\\(Opacity=(\\|
|00001a60| 64 2a 29 5c 5c 29 5c 75 30 30 32 66 29 29 3f 4e |d*)\\)\u002f))?N|
|00001a70| 75 6d 62 65 72 28 61 5b 31 5d 29 5c 75 30 30 32 |umber(a[1])\u002|
|00001a80| 66 31 30 30 3a 31 7d 72 65 74 75 72 6e 20 50 63 |f100:1}return Pc|
|00001a90| 28 61 29 7d 66 75 6e 63 74 69 6f 6e 20 50 63 28 |(a)}function Pc(|
|00001aa0| 61 29 7b 76 61 72 20 62 3d 31 2c 63 3d 59 28 61 |a){var b=1,c=Y(a|
|00001ab0| 2c 5c 22 6f 70 61 63 69 74 79 5c 22 29 3b 63 5c |,\"opacity\");c\|
|00001ac0| 75 30 30 32 36 5c 75 30 30 32 36 28 62 3d 4e 75 |u0026\u0026(b=Nu|
|00001ad0| 6d 62 65 72 28 63 29 29 3b 28 61 3d 47 63 28 61 |mber(c));(a=Gc(a|
|00001ae0| 29 29 5c 75 30 30 32 36 5c 75 30 30 32 36 28 62 |))\u0026\u0026(b|
|00001af0| 2a 3d 50 63 28 61 29 29 3b 72 65 74 75 72 6e 20 |*=Pc(a));return |
|00001b00| 62 7d 3b 62 61 28 5c 22 5f 5c 22 2c 66 75 6e 63 |b};ba(\"_\",func|
|00001b10| 74 69 6f 6e 28 61 2c 62 29 7b 66 75 6e 63 74 69 |tion(a,b){functi|
|00001b20| 6f 6e 20 63 28 64 29 7b 69 66 28 57 28 64 29 5c |on c(d){if(W(d)\|
|00001b30| 75 30 30 32 36 5c 75 30 30 32 36 5c 22 6e 6f 6e |u0026\u0026\"non|
|00001b40| 65 5c 22 3d 3d 59 28 64 2c 5c 22 64 69 73 70 6c |e\"==Y(d,\"displ|
|00001b50| 61 79 5c 22 29 29 72 65 74 75 72 6e 21 31 3b 76 |ay\"))return!1;v|
|00001b60| 61 72 20 65 3b 69 66 28 28 65 3d 64 2e 70 61 72 |ar e;if((e=d.par|
|00001b70| 65 6e 74 4e 6f 64 65 29 5c 75 30 30 32 36 5c 75 |entNode)\u0026\u|
|00001b80| 30 30 32 36 65 2e 73 68 61 64 6f 77 52 6f 6f 74 |0026e.shadowRoot|
|00001b90| 5c 75 30 30 32 36 5c 75 30 30 32 36 76 6f 69 64 |\u0026\u0026void|
|00001ba0| 20 30 21 3d 3d 64 2e 61 73 73 69 67 6e 65 64 53 | 0!==d.assignedS|
|00001bb0| 6c 6f 74 29 65 3d 64 2e 61 73 73 69 67 6e 65 64 |lot)e=d.assigned|
|00001bc0| 53 6c 6f 74 3f 64 2e 61 73 73 69 67 6e 65 64 53 |Slot?d.assignedS|
|00001bd0| 6c 6f 74 2e 70 61 72 65 6e 74 4e 6f 64 65 3a 6e |lot.parentNode:n|
|00001be0| 75 6c 6c 3b 65 6c 73 65 20 69 66 28 64 2e 67 65 |ull;else if(d.ge|
|00001bf0| 74 44 65 73 74 69 6e 61 74 69 6f 6e 49 6e 73 65 |tDestinationInse|
|00001c00| 72 74 69 6f 6e 50 6f 69 6e 74 73 29 7b 76 61 72 |rtionPoints){var|
|00001c10| 20 66 3d 64 2e 67 65 74 44 65 73 74 69 6e 61 74 | f=d.getDestinat|
|00001c20| 69 6f 6e 49 6e 73 65 72 74 69 6f 6e 50 6f 69 6e |ionInsertionPoin|
|00001c30| 74 73 28 29 3b 30 5c 75 30 30 33 63 66 2e 6c 65 |ts();0\u003cf.le|
|00001c40| 6e 67 74 68 5c 75 30 30 32 36 5c 75 30 30 32 36 |ngth\u0026\u0026|
|00001c50| 28 65 3d 66 5b 66 2e 6c 65 6e 67 74 68 2d 31 5d |(e=f[f.length-1]|
|00001c60| 29 7d 69 66 28 46 63 5c 75 30 30 32 36 5c 75 30 |)}if(Fc\u0026\u0|
|00001c70| 30 32 36 65 20 69 6e 73 74 61 6e 63 65 6f 66 20 |026e instanceof |
|00001c80| 53 68 61 64 6f 77 52 6f 6f 74 29 7b 69 66 28 65 |ShadowRoot){if(e|
|00001c90| 2e 68 6f 73 74 2e 73 68 61 64 6f 77 52 6f 6f 74 |.host.shadowRoot|
|00001ca0| 21 3d 3d 65 29 72 65 74 75 72 6e 21 31 3b 65 3d |!==e)return!1;e=|
|00001cb0| 65 2e 68 6f 73 74 7d 72 65 74 75 72 6e 21 65 7c |e.host}return!e||
|00001cc0| 7c 39 21 3d 65 2e 6e 6f 64 65 54 79 70 65 5c 75 ||9!=e.nodeType\u|
|00001cd0| 30 30 32 36 5c 75 30 30 32 36 31 31 21 3d 65 2e |0026\u002611!=e.|
|00001ce0| 6e 6f 64 65 54 79 70 65 3f 65 5c 75 30 30 32 36 |nodeType?e\u0026|
|00001cf0| 5c 75 30 30 32 36 57 28 65 2c 5c 22 44 45 54 41 |\u0026W(e,\"DETA|
|00001d00| 49 4c 53 5c 22 29 5c 75 30 30 32 36 5c 75 30 30 |ILS\")\u0026\u00|
|00001d10| 32 36 21 65 2e 6f 70 65 6e 5c 75 30 30 32 36 5c |26!e.open\u0026\|
|00001d20| 75 30 30 32 36 21 57 28 64 2c 5c 22 53 55 4d 4d |u0026!W(d,\"SUMM|
|00001d30| 41 52 59 5c 22 29 3f 21 31 3a 21 21 65 5c 75 30 |ARY\")?!1:!!e\u0|
|00001d40| 30 32 36 5c 75 30 30 32 36 63 28 65 29 3a 21 30 |026\u0026c(e):!0|
|00001d50| 7d 72 65 74 75 72 6e 20 49 63 28 61 2c 21 21 62 |}return Ic(a,!!b|
|00001d60| 2c 63 29 7d 29 3b 3b 20 72 65 74 75 72 6e 20 74 |,c)});; return t|
|00001d70| 68 69 73 2e 5f 2e 61 70 70 6c 79 28 6e 75 6c 6c |his._.apply(null|
|00001d80| 2c 61 72 67 75 6d 65 6e 74 73 29 3b 7d 29 2e 61 |,arguments);}).a|
|00001d90| 70 70 6c 79 28 7b 6e 61 76 69 67 61 74 6f 72 3a |pply({navigator:|
|00001da0| 74 79 70 65 6f 66 20 77 69 6e 64 6f 77 21 3d 27 |typeof window!='|
|00001db0| 75 6e 64 65 66 69 6e 65 64 27 3f 77 69 6e 64 6f |undefined'?windo|
|00001dc0| 77 2e 6e 61 76 69 67 61 74 6f 72 3a 6e 75 6c 6c |w.navigator:null|
|00001dd0| 2c 64 6f 63 75 6d 65 6e 74 3a 74 79 70 65 6f 66 |,document:typeof|
|00001de0| 20 77 69 6e 64 6f 77 21 3d 27 75 6e 64 65 66 69 | window!='undefi|
|00001df0| 6e 65 64 27 3f 77 69 6e 64 6f 77 2e 64 6f 63 75 |ned'?window.docu|
|00001e00| 6d 65 6e 74 3a 6e 75 6c 6c 7d 2c 20 61 72 67 75 |ment:null}, argu|
|00001e10| 6d 65 6e 74 73 29 3b 7d 5c 6e 29 2e 61 70 70 6c |ments);}\n).appl|
|00001e20| 79 28 6e 75 6c 6c 2c 20 61 72 67 75 6d 65 6e 74 |y(null, argument|
|00001e30| 73 29 3b 22 2c 0a 20 20 22 61 72 67 73 22 3a 20 |s);",.  "args": |
|00001e40| 5b 0a 20 20 20 20 7b 0a 20 20 20 20 20 20 22 65 |[.    {.      "e|
|00001e50| 6c 65 6d 65 6e 74 2d 36 30 36 36 2d 31 31 65 34 |lement-6066-11e4|
|00001e60| 2d 61 35 32 65 2d 34 66 37 33 35 34 36 36 63 65 |-a52e-4f735466ce|
|00001e70| 63 66 22 3a 20 22 66 2e 36 36 41 32 33 37 38 34 |cf": "f.66A23784|
|00001e80| 34 46 42 31 33 33 37 46 43 32 30 31 42 34 35 31 |4FB1337FC201B451|
|00001e90| 46 46 42 46 32 46 35 39 2e 64 2e 45 32 30 34 37 |FFBF2F59.d.E2047|
|00001ea0| 46 42 33 41 45 39 30 32 35 36 39 32 38 35 38 44 |FB3AE9025692858D|
|00001eb0| 34 34 30 33 33 44 42 45 44 36 33 2e 65 2e 31 30 |44033DBED63.e.10|
|00001ec0| 31 22 0a 20 20 20 20 7d 0a 20 20 5d 0a 7d       |1".    }.  ].}  |
+--------+-------------------------------------------------+----------------+
20:37:39.174 [AsyncHttpClient-1-2] TRACE - [id: 0x02e8d314, L:/127.0.0.1:52746 - R:localhost/127.0.0.1:19702] FLUSH
20:37:39.175 [AsyncHttpClient-1-2] TRACE - [id: 0x02e8d314, L:/127.0.0.1:52746 - R:localhost/127.0.0.1:19702] WRITE: 0B
20:37:39.175 [AsyncHttpClient-1-2] TRACE - [id: 0x02e8d314, L:/127.0.0.1:52746 - R:localhost/127.0.0.1:19702] FLUSH
20:37:39.201 [AsyncHttpClient-1-2] TRACE - [id: 0x02e8d314, L:/127.0.0.1:52746 - R:localhost/127.0.0.1:19702] READ: 122B
         +-------------------------------------------------+
         |  0  1  2  3  4  5  6  7  8  9  a  b  c  d  e  f |
+--------+-------------------------------------------------+----------------+
|00000000| 48 54 54 50 2f 31 2e 31 20 32 30 30 20 4f 4b 0d |HTTP/1.1 200 OK.|
|00000010| 0a 43 6f 6e 74 65 6e 74 2d 4c 65 6e 67 74 68 3a |.Content-Length:|
|00000020| 31 34 0d 0a 43 6f 6e 74 65 6e 74 2d 54 79 70 65 |14..Content-Type|
|00000030| 3a 61 70 70 6c 69 63 61 74 69 6f 6e 2f 6a 73 6f |:application/jso|
|00000040| 6e 3b 20 63 68 61 72 73 65 74 3d 75 74 66 2d 38 |n; charset=utf-8|
|00000050| 0d 0a 63 61 63 68 65 2d 63 6f 6e 74 72 6f 6c 3a |..cache-control:|
|00000060| 6e 6f 2d 63 61 63 68 65 0d 0a 0d 0a 7b 22 76 61 |no-cache....{"va|
|00000070| 6c 75 65 22 3a 74 72 75 65 7d                   |lue":true}      |
+--------+-------------------------------------------------+----------------+
20:37:39.202 [AsyncHttpClient-1-2] DEBUG - 

Request DefaultHttpRequest(decodeResult: success, version: HTTP/1.1)
POST /session/b8db78a87e0fbeeed1edee838e27ac0d/execute/sync HTTP/1.1
User-Agent: selenium/4.11.0 (java windows)
Content-Length: 48846
Content-Type: application/json; charset=utf-8
host: localhost:19702
accept: */*

Response DefaultHttpResponse(decodeResult: success, version: HTTP/1.1)
HTTP/1.1 200 OK
Content-Length: 14
Content-Type: application/json; charset=utf-8
cache-control: no-cache

20:37:39.202 [AsyncHttpClient-1-2] DEBUG - Adding key: http://localhost:19702 for channel [id: 0x02e8d314, L:/127.0.0.1:52746 - R:localhost/127.0.0.1:19702]
20:37:39.203 [AsyncHttpClient-1-2] TRACE - [id: 0x02e8d314, L:/127.0.0.1:52746 - R:localhost/127.0.0.1:19702] READ COMPLETE
20:37:39.210 [main] INFO  - **** Finished TC_002_LoginTest  ****
20:37:39.228 [Forwarding close on session b8db78a87e0fbeeed1edee838e27ac0d to remote] DEBUG - Using pooled Channel '[id: 0x02e8d314, L:/127.0.0.1:52746 - R:localhost/127.0.0.1:19702]' for 'DELETE' to 'http://localhost:19702/session/b8db78a87e0fbeeed1edee838e27ac0d/window'
20:37:39.228 [Forwarding close on session b8db78a87e0fbeeed1edee838e27ac0d to remote] DEBUG - Using open Channel [id: 0x02e8d314, L:/127.0.0.1:52746 - R:localhost/127.0.0.1:19702] for DELETE '/session/b8db78a87e0fbeeed1edee838e27ac0d/window'
20:37:39.231 [AsyncHttpClient-1-2] TRACE - [id: 0x02e8d314, L:/127.0.0.1:52746 - R:localhost/127.0.0.1:19702] WRITE: 195B
         +-------------------------------------------------+
         |  0  1  2  3  4  5  6  7  8  9  a  b  c  d  e  f |
+--------+-------------------------------------------------+----------------+
|00000000| 44 45 4c 45 54 45 20 2f 73 65 73 73 69 6f 6e 2f |DELETE /session/|
|00000010| 62 38 64 62 37 38 61 38 37 65 30 66 62 65 65 65 |b8db78a87e0fbeee|
|00000020| 64 31 65 64 65 65 38 33 38 65 32 37 61 63 30 64 |d1edee838e27ac0d|
|00000030| 2f 77 69 6e 64 6f 77 20 48 54 54 50 2f 31 2e 31 |/window HTTP/1.1|
|00000040| 0d 0a 55 73 65 72 2d 41 67 65 6e 74 3a 20 73 65 |..User-Agent: se|
|00000050| 6c 65 6e 69 75 6d 2f 34 2e 31 31 2e 30 20 28 6a |lenium/4.11.0 (j|
|00000060| 61 76 61 20 77 69 6e 64 6f 77 73 29 0d 0a 43 6f |ava windows)..Co|
|00000070| 6e 74 65 6e 74 2d 54 79 70 65 3a 20 61 70 70 6c |ntent-Type: appl|
|00000080| 69 63 61 74 69 6f 6e 2f 6a 73 6f 6e 3b 20 63 68 |ication/json; ch|
|00000090| 61 72 73 65 74 3d 75 74 66 2d 38 0d 0a 68 6f 73 |arset=utf-8..hos|
|000000a0| 74 3a 20 6c 6f 63 61 6c 68 6f 73 74 3a 31 39 37 |t: localhost:197|
|000000b0| 30 32 0d 0a 61 63 63 65 70 74 3a 20 2a 2f 2a 0d |02..accept: */*.|
|000000c0| 0a 0d 0a                                        |...             |
+--------+-------------------------------------------------+----------------+
20:37:39.233 [AsyncHttpClient-1-2] TRACE - [id: 0x02e8d314, L:/127.0.0.1:52746 - R:localhost/127.0.0.1:19702] FLUSH
20:37:39.538 [AsyncHttpClient-1-1] DEBUG - Entry count for : http://localhost:52747 : 1
20:37:40.402 [AsyncHttpClient-1-3] TRACE - [id: 0xed384774, L:/127.0.0.1:52756 - R:localhost/127.0.0.1:52747] READ COMPLETE
20:37:40.402 [AsyncHttpClient-1-4] TRACE - [id: 0xf7ce0ac3, L:/127.0.0.1:52757 - R:localhost/127.0.0.1:52747] READ COMPLETE
20:37:40.403 [AsyncHttpClient-1-4] TRACE - [id: 0xf7ce0ac3, L:/127.0.0.1:52757 - R:localhost/127.0.0.1:52747] EXCEPTION: java.io.IOException: An existing connection was forcibly closed by the remote host
java.io.IOException: An existing connection was forcibly closed by the remote host
	at java.base/sun.nio.ch.SocketDispatcher.read0(Native Method) ~[?:?]
	at java.base/sun.nio.ch.SocketDispatcher.read(SocketDispatcher.java:43) ~[?:?]
	at java.base/sun.nio.ch.IOUtil.readIntoNativeBuffer(IOUtil.java:276) ~[?:?]
	at java.base/sun.nio.ch.IOUtil.read(IOUtil.java:233) ~[?:?]
	at java.base/sun.nio.ch.IOUtil.read(IOUtil.java:223) ~[?:?]
	at java.base/sun.nio.ch.SocketChannelImpl.read(SocketChannelImpl.java:358) ~[?:?]
	at io.netty.buffer.PooledByteBuf.setBytes(PooledByteBuf.java:256) ~[netty-buffer-4.1.92.Final.jar:4.1.92.Final]
	at io.netty.buffer.AbstractByteBuf.writeBytes(AbstractByteBuf.java:1132) ~[netty-buffer-4.1.92.Final.jar:4.1.92.Final]
	at io.netty.channel.socket.nio.NioSocketChannel.doReadBytes(NioSocketChannel.java:357) ~[netty-transport-4.1.92.Final.jar:4.1.92.Final]
	at io.netty.channel.nio.AbstractNioByteChannel$NioByteUnsafe.read(AbstractNioByteChannel.java:151) [netty-transport-4.1.92.Final.jar:4.1.92.Final]
	at io.netty.channel.nio.NioEventLoop.processSelectedKey(NioEventLoop.java:788) [netty-transport-4.1.92.Final.jar:4.1.92.Final]
	at io.netty.channel.nio.NioEventLoop.processSelectedKeysOptimized(NioEventLoop.java:724) [netty-transport-4.1.92.Final.jar:4.1.92.Final]
	at io.netty.channel.nio.NioEventLoop.processSelectedKeys(NioEventLoop.java:650) [netty-transport-4.1.92.Final.jar:4.1.92.Final]
	at io.netty.channel.nio.NioEventLoop.run(NioEventLoop.java:562) [netty-transport-4.1.92.Final.jar:4.1.92.Final]
	at io.netty.util.concurrent.SingleThreadEventExecutor$4.run(SingleThreadEventExecutor.java:997) [netty-common-4.1.92.Final.jar:4.1.92.Final]
	at io.netty.util.internal.ThreadExecutorMap$2.run(ThreadExecutorMap.java:74) [netty-common-4.1.92.Final.jar:4.1.92.Final]
	at io.netty.util.concurrent.FastThreadLocalRunnable.run(FastThreadLocalRunnable.java:30) [netty-common-4.1.92.Final.jar:4.1.92.Final]
	at java.base/java.lang.Thread.run(Thread.java:834) [?:?]
20:37:40.403 [AsyncHttpClient-1-3] TRACE - [id: 0xed384774, L:/127.0.0.1:52756 - R:localhost/127.0.0.1:52747] EXCEPTION: java.io.IOException: An existing connection was forcibly closed by the remote host
java.io.IOException: An existing connection was forcibly closed by the remote host
	at java.base/sun.nio.ch.SocketDispatcher.read0(Native Method) ~[?:?]
	at java.base/sun.nio.ch.SocketDispatcher.read(SocketDispatcher.java:43) ~[?:?]
	at java.base/sun.nio.ch.IOUtil.readIntoNativeBuffer(IOUtil.java:276) ~[?:?]
	at java.base/sun.nio.ch.IOUtil.read(IOUtil.java:233) ~[?:?]
	at java.base/sun.nio.ch.IOUtil.read(IOUtil.java:223) ~[?:?]
	at java.base/sun.nio.ch.SocketChannelImpl.read(SocketChannelImpl.java:358) ~[?:?]
	at io.netty.buffer.PooledByteBuf.setBytes(PooledByteBuf.java:256) ~[netty-buffer-4.1.92.Final.jar:4.1.92.Final]
	at io.netty.buffer.AbstractByteBuf.writeBytes(AbstractByteBuf.java:1132) ~[netty-buffer-4.1.92.Final.jar:4.1.92.Final]
	at io.netty.channel.socket.nio.NioSocketChannel.doReadBytes(NioSocketChannel.java:357) ~[netty-transport-4.1.92.Final.jar:4.1.92.Final]
	at io.netty.channel.nio.AbstractNioByteChannel$NioByteUnsafe.read(AbstractNioByteChannel.java:151) [netty-transport-4.1.92.Final.jar:4.1.92.Final]
	at io.netty.channel.nio.NioEventLoop.processSelectedKey(NioEventLoop.java:788) [netty-transport-4.1.92.Final.jar:4.1.92.Final]
	at io.netty.channel.nio.NioEventLoop.processSelectedKeysOptimized(NioEventLoop.java:724) [netty-transport-4.1.92.Final.jar:4.1.92.Final]
	at io.netty.channel.nio.NioEventLoop.processSelectedKeys(NioEventLoop.java:650) [netty-transport-4.1.92.Final.jar:4.1.92.Final]
	at io.netty.channel.nio.NioEventLoop.run(NioEventLoop.java:562) [netty-transport-4.1.92.Final.jar:4.1.92.Final]
	at io.netty.util.concurrent.SingleThreadEventExecutor$4.run(SingleThreadEventExecutor.java:997) [netty-common-4.1.92.Final.jar:4.1.92.Final]
	at io.netty.util.internal.ThreadExecutorMap$2.run(ThreadExecutorMap.java:74) [netty-common-4.1.92.Final.jar:4.1.92.Final]
	at io.netty.util.concurrent.FastThreadLocalRunnable.run(FastThreadLocalRunnable.java:30) [netty-common-4.1.92.Final.jar:4.1.92.Final]
	at java.base/java.lang.Thread.run(Thread.java:834) [?:?]
20:37:40.409 [AsyncHttpClient-1-3] DEBUG - Unexpected I/O exception on channel [id: 0xed384774, L:/127.0.0.1:52756 - R:localhost/127.0.0.1:52747]
java.io.IOException: An existing connection was forcibly closed by the remote host
	at java.base/sun.nio.ch.SocketDispatcher.read0(Native Method) ~[?:?]
	at java.base/sun.nio.ch.SocketDispatcher.read(SocketDispatcher.java:43) ~[?:?]
	at java.base/sun.nio.ch.IOUtil.readIntoNativeBuffer(IOUtil.java:276) ~[?:?]
	at java.base/sun.nio.ch.IOUtil.read(IOUtil.java:233) ~[?:?]
	at java.base/sun.nio.ch.IOUtil.read(IOUtil.java:223) ~[?:?]
	at java.base/sun.nio.ch.SocketChannelImpl.read(SocketChannelImpl.java:358) ~[?:?]
	at io.netty.buffer.PooledByteBuf.setBytes(PooledByteBuf.java:256) ~[netty-buffer-4.1.92.Final.jar:4.1.92.Final]
	at io.netty.buffer.AbstractByteBuf.writeBytes(AbstractByteBuf.java:1132) ~[netty-buffer-4.1.92.Final.jar:4.1.92.Final]
	at io.netty.channel.socket.nio.NioSocketChannel.doReadBytes(NioSocketChannel.java:357) ~[netty-transport-4.1.92.Final.jar:4.1.92.Final]
	at io.netty.channel.nio.AbstractNioByteChannel$NioByteUnsafe.read(AbstractNioByteChannel.java:151) [netty-transport-4.1.92.Final.jar:4.1.92.Final]
	at io.netty.channel.nio.NioEventLoop.processSelectedKey(NioEventLoop.java:788) [netty-transport-4.1.92.Final.jar:4.1.92.Final]
	at io.netty.channel.nio.NioEventLoop.processSelectedKeysOptimized(NioEventLoop.java:724) [netty-transport-4.1.92.Final.jar:4.1.92.Final]
	at io.netty.channel.nio.NioEventLoop.processSelectedKeys(NioEventLoop.java:650) [netty-transport-4.1.92.Final.jar:4.1.92.Final]
	at io.netty.channel.nio.NioEventLoop.run(NioEventLoop.java:562) [netty-transport-4.1.92.Final.jar:4.1.92.Final]
	at io.netty.util.concurrent.SingleThreadEventExecutor$4.run(SingleThreadEventExecutor.java:997) [netty-common-4.1.92.Final.jar:4.1.92.Final]
	at io.netty.util.internal.ThreadExecutorMap$2.run(ThreadExecutorMap.java:74) [netty-common-4.1.92.Final.jar:4.1.92.Final]
	at io.netty.util.concurrent.FastThreadLocalRunnable.run(FastThreadLocalRunnable.java:30) [netty-common-4.1.92.Final.jar:4.1.92.Final]
	at java.base/java.lang.Thread.run(Thread.java:834) [?:?]
